<?xml version="1.0" encoding="UTF-8"?>
<testsuite xmlns:xsi="http://www.w3.org/2001/XMLSchema-instance" xsi:noNamespaceSchemaLocation="https://maven.apache.org/surefire/maven-surefire-plugin/xsd/surefire-test-report-3.0.xsd" version="3.0" name="week1_programming_challenges.maximum_pairwise_product.MaxPairwiseProductTest" time="0.131" tests="3" errors="0" skipped="0" failures="0">
  <properties>
[...]
</properties>
  <testcase name="MaxPairwiseProductTest(int[], int)[1]" classname="week1_programming_challenges.maximum_pairwise_product.MaxPairwiseProductTest" time="0.06"/>
  <testcase name="MaxPairwiseProductTest(int[], int)[2]" classname="week1_programming_challenges.maximum_pairwise_product.MaxPairwiseProductTest" time="0.001"/>
  <testcase name="MaxPairwiseProductTest(int[], int)[3]" classname="week1_programming_challenges.maximum_pairwise_product.MaxPairwiseProductTest" time="0.002"/>
</testsuite>